  Performing full C++ include scan (building a new target)
  Using 'git status' to determine working set for adaptive non-unity build.
  Creating makefile for ProjectEmblemEditor (no existing makefile)
  Using Visual Studio 2017 14.15.26726 toolchain (C:\Program Files (x86)\Microsoft Visual Studio\2017\Community\VC\Tools\MSVC\14.15.26726) and Windows 10.0.16299.0 SDK (C:\Program Files (x86)\Windows Kits\10).
  Parsing headers for ProjectEmblemEditor
    Running UnrealHeaderTool "C:\Users\user\Documents\GitHub\Project-Emblem\ProjectEmblem\ProjectEmblem.uproject" "C:\Users\user\Documents\GitHub\Project-Emblem\ProjectEmblem\Intermediate\Build\Win64\ProjectEmblemEditor\DebugGame\ProjectEmblemEditor.uhtmanifest" -LogCmds="loginit warning, logexit warning, logdatabase error" -Unattended -WarningsAsErrors -installed
  Reflection code generated for ProjectEmblemEditor in 12.9877648 seconds
  Building 8 actions with 4 processes...
    [1/8] PCLaunch.rc
    [2/8] SharedPCH.Engine.NonOptimized.cpp
    [3/8] ProjectEmblem.cpp
    [4/8] BaseTile.cpp
    [5/8] ProjectEmblem.init.gen.cpp
    [6/8] BaseTile.gen.cpp
    [7/8] UE4Editor-ProjectEmblem-Win64-DebugGame.lib
       Creating library C:\Users\user\Documents\GitHub\Project-Emblem\ProjectEmblem\Intermediate\Build\Win64\UE4Editor\DebugGame\ProjectEmblem\UE4Editor-ProjectEmblem-Win64-DebugGame.lib and object C:\Users\user\Documents\GitHub\Project-Emblem\ProjectEmblem\Intermediate\Build\Win64\UE4Editor\DebugGame\ProjectEmblem\UE4Editor-ProjectEmblem-Win64-DebugGame.exp
    [8/8] UE4Editor-ProjectEmblem-Win64-DebugGame.dll
       Creating library C:\Users\user\Documents\GitHub\Project-Emblem\ProjectEmblem\Intermediate\Build\Win64\UE4Editor\DebugGame\ProjectEmblem\UE4Editor-ProjectEmblem-Win64-DebugGame.suppressed.lib and object C:\Users\user\Documents\GitHub\Project-Emblem\ProjectEmblem\Intermediate\Build\Win64\UE4Editor\DebugGame\ProjectEmblem\UE4Editor-ProjectEmblem-Win64-DebugGame.suppressed.exp
  Deploying ProjectEmblemEditor Win64 DebugGame...
  Total build time: 128.07 seconds (Parallel executor: 48.31 seconds)
